Started by user [8mha:AAAAlx+LCAAAAAAAAP9b85aBtbiIQTGjNKU4P08vOT+vOD8nVc83PyU1x6OyILUoJzMv2y+/JJUBAhiZGBgqihhk0NSjKDWzXb3RdlLBUSYGJk8GtpzUvPSSDB8G5tKinBIGIZ+sxLJE/ZzEvHT94JKizLx0a6BxUmjGOUNodHsLgAyeEgZu/dLi1CL93PyMzBIAcee2ssAAAAA=[0mMohit Belwal
Building in workspace /var/lib/jenkins/workspace/generate_report
[WS-CLEANUP] Deleting project workspace...
[WS-CLEANUP] Done
[generate_report] $ /usr/bin/bash /tmp/hudson1250453540769883079.sh
FATAL: command execution failed
[8mha:AAAAWB+LCAAAAAAAAP9b85aBtbiIQSmjNKU4P08vOT+vOD8nVc8DzHWtSE4tKMnMz/PLL0ldFVf2c+b/lb5MDAwVRQxSaBqcITRIIQMEMIIUFgAAckCEiWAAAAA=[0mjava.io.IOException: Cannot run program "/usr/bin/bash" (in directory "/var/lib/jenkins/workspace/generate_report"): error=2, No such file or directory
	at java.lang.ProcessBuilder.start(ProcessBuilder.java:1047)
	at hudson.Proc$LocalProc.<init>(Proc.java:243)
	at hudson.Proc$LocalProc.<init>(Proc.java:212)
	at hudson.Launcher$LocalLauncher.launch(Launcher.java:815)
	at hudson.Launcher$ProcStarter.start(Launcher.java:381)
	at hudson.tasks.CommandInterpreter.perform(CommandInterpreter.java:95)
	at hudson.tasks.CommandInterpreter.perform(CommandInterpreter.java:64)
	at hudson.tasks.BuildStepMonitor$1.perform(BuildStepMonitor.java:20)
	at hudson.model.AbstractBuild$AbstractBuildExecution.perform(AbstractBuild.java:779)
	at hudson.model.Build$BuildExecution.build(Build.java:205)
	at hudson.model.Build$BuildExecution.doRun(Build.java:162)
	at hudson.model.AbstractBuild$AbstractBuildExecution.run(AbstractBuild.java:534)
	at hudson.model.Run.execute(Run.java:1720)
	at hudson.model.FreeStyleBuild.run(FreeStyleBuild.java:43)
	at hudson.model.ResourceController.execute(ResourceController.java:98)
	at hudson.model.Executor.run(Executor.java:404)
Caused by: java.io.IOException: error=2, No such file or directory
	at java.lang.UNIXProcess.forkAndExec(Native Method)
	at java.lang.UNIXProcess.<init>(UNIXProcess.java:187)
	at java.lang.ProcessImpl.start(ProcessImpl.java:130)
	at java.lang.ProcessBuilder.start(ProcessBuilder.java:1028)
	... 15 more
Build step 'Execute shell' marked build as failure
Finished: FAILURE
